2023-07-11 17:44:58,918:INFO: Loading the datasets...
2023-07-11 17:44:58,934:INFO: - done.
2023-07-11 17:44:59,074:INFO: Starting training for 10 epoch(s)
2023-07-11 17:44:59,074:INFO: Epoch 1/10
2023-07-11 17:45:08,738:INFO: - Train metrics: accuracy: 0.125 ; loss: 1.958
2023-07-11 17:45:15,612:INFO: - Eval metrics : accuracy: 0.208 ; loss: 2.407
2023-07-11 17:45:15,643:INFO: - Found new best accuracy
2023-07-11 17:45:15,643:INFO: Epoch 2/10
2023-07-11 17:45:22,745:INFO: - Train metrics: accuracy: 0.531 ; loss: 1.079
2023-07-11 17:45:29,624:INFO: - Eval metrics : accuracy: 0.406 ; loss: 1.425
2023-07-11 17:45:29,671:INFO: - Found new best accuracy
2023-07-11 17:45:29,671:INFO: Epoch 3/10
2023-07-11 17:45:36,748:INFO: - Train metrics: accuracy: 0.469 ; loss: 1.002
2023-07-11 17:45:43,611:INFO: - Eval metrics : accuracy: 0.308 ; loss: 2.004
2023-07-11 17:45:43,642:INFO: Epoch 4/10
2023-07-11 17:45:50,742:INFO: - Train metrics: accuracy: 0.625 ; loss: 1.114
2023-07-11 17:45:57,680:INFO: - Eval metrics : accuracy: 0.315 ; loss: 3.765
2023-07-11 17:45:57,711:INFO: Epoch 5/10
2023-07-11 17:46:04,753:INFO: - Train metrics: accuracy: 0.625 ; loss: 1.031
2023-07-11 17:46:11,525:INFO: - Eval metrics : accuracy: 0.384 ; loss: 1.978
2023-07-11 17:46:11,540:INFO: Epoch 6/10
2023-07-11 17:46:18,510:INFO: - Train metrics: accuracy: 0.812 ; loss: 0.557
2023-07-11 17:46:25,385:INFO: - Eval metrics : accuracy: 0.323 ; loss: 5.896
2023-07-11 17:46:25,416:INFO: Epoch 7/10
2023-07-11 17:46:32,541:INFO: - Train metrics: accuracy: 0.719 ; loss: 0.653
2023-07-11 17:46:39,376:INFO: - Eval metrics : accuracy: 0.580 ; loss: 1.275
2023-07-11 17:46:39,408:INFO: - Found new best accuracy
2023-07-11 17:46:39,408:INFO: Epoch 8/10
2023-07-11 17:46:46,509:INFO: - Train metrics: accuracy: 0.781 ; loss: 0.597
2023-07-11 17:46:53,355:INFO: - Eval metrics : accuracy: 0.304 ; loss: 3.749
2023-07-11 17:46:53,371:INFO: Epoch 9/10
2023-07-11 17:47:00,497:INFO: - Train metrics: accuracy: 0.750 ; loss: 0.620
2023-07-11 17:47:07,355:INFO: - Eval metrics : accuracy: 0.400 ; loss: 3.387
2023-07-11 17:47:07,379:INFO: Epoch 10/10
2023-07-11 17:47:14,492:INFO: - Train metrics: accuracy: 0.938 ; loss: 0.286
2023-07-11 17:47:21,436:INFO: - Eval metrics : accuracy: 0.720 ; loss: 0.724
2023-07-11 17:47:21,483:INFO: - Found new best accuracy
