2023-07-11 17:40:04,602:INFO: Loading the datasets...
2023-07-11 17:40:04,602:INFO: - done.
2023-07-11 17:40:04,774:INFO: Starting training for 10 epoch(s)
2023-07-11 17:40:04,774:INFO: Epoch 1/10
2023-07-11 17:40:14,701:INFO: - Train metrics: accuracy: 0.125 ; loss: 1.958
2023-07-11 17:40:21,551:INFO: - Eval metrics : accuracy: 0.156 ; loss: 2.096
2023-07-11 17:40:21,583:INFO: - Found new best accuracy
2023-07-11 17:40:21,583:INFO: Epoch 2/10
2023-07-11 17:40:28,623:INFO: - Train metrics: accuracy: 0.531 ; loss: 1.160
2023-07-11 17:40:35,504:INFO: - Eval metrics : accuracy: 0.528 ; loss: 1.280
2023-07-11 17:40:35,535:INFO: - Found new best accuracy
2023-07-11 17:40:35,535:INFO: Epoch 3/10
2023-07-11 17:40:42,621:INFO: - Train metrics: accuracy: 0.531 ; loss: 1.397
2023-07-11 17:40:49,782:INFO: - Eval metrics : accuracy: 0.826 ; loss: 0.878
2023-07-11 17:40:49,814:INFO: - Found new best accuracy
2023-07-11 17:40:49,814:INFO: Epoch 4/10
2023-07-11 17:40:57,050:INFO: - Train metrics: accuracy: 0.594 ; loss: 1.060
2023-07-11 17:41:04,075:INFO: - Eval metrics : accuracy: 0.844 ; loss: 0.774
2023-07-11 17:41:04,106:INFO: - Found new best accuracy
2023-07-11 17:41:04,106:INFO: Epoch 5/10
2023-07-11 17:41:11,299:INFO: - Train metrics: accuracy: 0.656 ; loss: 1.146
2023-07-11 17:41:18,368:INFO: - Eval metrics : accuracy: 0.854 ; loss: 0.731
2023-07-11 17:41:18,415:INFO: - Found new best accuracy
2023-07-11 17:41:18,415:INFO: Epoch 6/10
2023-07-11 17:41:25,599:INFO: - Train metrics: accuracy: 0.781 ; loss: 0.850
2023-07-11 17:41:32,563:INFO: - Eval metrics : accuracy: 0.856 ; loss: 0.680
2023-07-11 17:41:32,600:INFO: - Found new best accuracy
2023-07-11 17:41:32,602:INFO: Epoch 7/10
2023-07-11 17:41:39,896:INFO: - Train metrics: accuracy: 0.719 ; loss: 0.848
2023-07-11 17:41:46,886:INFO: - Eval metrics : accuracy: 0.878 ; loss: 0.634
2023-07-11 17:41:46,933:INFO: - Found new best accuracy
2023-07-11 17:41:46,933:INFO: Epoch 8/10
2023-07-11 17:41:54,383:INFO: - Train metrics: accuracy: 0.781 ; loss: 0.672
2023-07-11 17:42:01,391:INFO: - Eval metrics : accuracy: 0.879 ; loss: 0.597
2023-07-11 17:42:01,429:INFO: - Found new best accuracy
2023-07-11 17:42:01,430:INFO: Epoch 9/10
2023-07-11 17:42:08,615:INFO: - Train metrics: accuracy: 0.656 ; loss: 0.905
2023-07-11 17:42:15,623:INFO: - Eval metrics : accuracy: 0.933 ; loss: 0.553
2023-07-11 17:42:15,670:INFO: - Found new best accuracy
2023-07-11 17:42:15,671:INFO: Epoch 10/10
2023-07-11 17:42:23,002:INFO: - Train metrics: accuracy: 0.906 ; loss: 0.632
2023-07-11 17:42:30,112:INFO: - Eval metrics : accuracy: 0.942 ; loss: 0.530
2023-07-11 17:42:30,143:INFO: - Found new best accuracy
