2023-07-11 17:59:55,535:INFO: Creating the dataset...
2023-07-11 17:59:55,535:INFO: - done.
2023-07-11 17:59:55,676:INFO: Starting evaluation
2023-07-11 18:00:00,003:INFO: - Eval metrics : accuracy: 0.844 ; loss: 0.372
2023-07-18 15:03:46,012:INFO: Creating the dataset...
2023-07-18 15:04:41,370:INFO: Creating the dataset...
2023-07-18 15:04:41,370:INFO: - done.
2023-07-18 15:04:53,959:INFO: Creating the dataset...
2023-07-18 15:04:53,959:INFO: - done.
2023-07-18 15:04:54,053:INFO: Starting evaluation
2023-07-18 15:08:05,691:INFO: Creating the dataset...
2023-07-18 15:08:05,691:INFO: - done.
2023-07-18 15:08:05,769:INFO: Starting evaluation
2023-07-18 15:10:23,347:INFO: Creating the dataset...
2023-07-18 15:10:23,362:INFO: - done.
2023-07-18 15:10:23,440:INFO: Starting evaluation
2023-07-18 15:10:58,125:INFO: Creating the dataset...
2023-07-18 15:10:58,141:INFO: - done.
2023-07-18 15:10:59,002:INFO: Starting evaluation
2023-07-18 15:11:04,427:INFO: - Eval metrics : loss: 0.01299
2023-07-18 15:11:52,453:INFO: Creating the dataset...
2023-07-18 15:11:52,453:INFO: - done.
2023-07-18 15:11:53,328:INFO: Starting evaluation
2023-07-18 15:11:58,697:INFO: - Eval metrics : loss: 0.01299
2023-07-18 15:12:38,372:INFO: Creating the dataset...
2023-07-18 15:12:38,388:INFO: - done.
2023-07-18 15:12:39,256:INFO: Starting evaluation
2023-07-18 15:12:44,666:INFO: - Eval metrics : loss: 0.01299
2023-07-18 15:26:03,560:INFO: Creating the dataset...
2023-07-18 15:26:03,560:INFO: - done.
2023-07-18 15:26:04,433:INFO: Starting evaluation
2023-07-18 15:26:09,778:INFO: - Eval metrics : loss: 0.01299
2023-07-18 15:36:20,152:INFO: Creating the dataset...
2023-07-18 15:36:20,167:INFO: - done.
2023-07-18 15:36:21,027:INFO: Starting evaluation
2023-07-18 15:37:10,268:INFO: Creating the dataset...
2023-07-18 15:37:10,284:INFO: - done.
2023-07-18 15:37:11,143:INFO: Starting evaluation
2023-07-18 15:37:50,614:INFO: Creating the dataset...
2023-07-18 15:37:50,629:INFO: - done.
2023-07-18 15:37:51,488:INFO: Starting evaluation
2023-07-18 15:39:20,095:INFO: Creating the dataset...
2023-07-18 15:39:20,095:INFO: - done.
2023-07-18 15:39:20,983:INFO: Starting evaluation
2023-07-18 15:39:26,316:INFO: - Eval metrics : loss: 0.01299
2023-07-18 15:40:04,630:INFO: Creating the dataset...
2023-07-18 15:40:04,646:INFO: - done.
2023-07-18 15:40:05,505:INFO: Starting evaluation
2023-07-18 15:40:10,789:INFO: - Eval metrics : loss: 0.01299
2023-07-18 16:16:55,363:INFO: Creating the dataset...
2023-07-18 16:16:55,378:INFO: - done.
2023-07-18 16:16:56,255:INFO: Starting evaluation
2023-07-18 16:20:16,126:INFO: Creating the dataset...
2023-07-18 16:20:16,142:INFO: - done.
2023-07-18 16:20:17,001:INFO: Starting evaluation
2023-07-18 16:23:16,076:INFO: Creating the dataset...
2023-07-18 16:23:16,092:INFO: - done.
2023-07-18 16:23:16,961:INFO: Starting evaluation
2023-07-18 16:32:46,931:INFO: Creating the dataset...
2023-07-18 16:32:46,947:INFO: - done.
2023-07-18 16:32:47,806:INFO: Starting evaluation
2023-07-18 16:33:40,173:INFO: Creating the dataset...
2023-07-18 16:33:40,189:INFO: - done.
2023-07-18 16:33:41,068:INFO: Starting evaluation
2023-07-18 16:34:05,807:INFO: Creating the dataset...
2023-07-18 16:34:05,823:INFO: - done.
2023-07-18 16:34:06,688:INFO: Starting evaluation
2023-07-18 16:37:41,651:INFO: Creating the dataset...
2023-07-18 16:37:41,667:INFO: - done.
2023-07-18 16:37:42,542:INFO: Starting evaluation
2023-07-18 16:38:23,771:INFO: Creating the dataset...
2023-07-18 16:38:23,786:INFO: - done.
2023-07-18 16:38:24,646:INFO: Starting evaluation
2023-07-18 16:40:02,736:INFO: Creating the dataset...
2023-07-18 16:40:02,736:INFO: - done.
2023-07-18 16:40:03,642:INFO: Starting evaluation
2023-07-18 16:44:11,398:INFO: Creating the dataset...
2023-07-18 16:44:11,413:INFO: - done.
2023-07-18 16:44:12,283:INFO: Starting evaluation
2023-07-18 16:45:27,560:INFO: Creating the dataset...
2023-07-18 16:45:27,576:INFO: - done.
2023-07-18 16:45:28,435:INFO: Starting evaluation
2023-07-18 16:45:33,737:INFO: - Eval metrics : loss: 0.01299
2023-07-18 16:46:00,807:INFO: Creating the dataset...
2023-07-18 16:46:00,823:INFO: - done.
2023-07-18 16:46:01,682:INFO: Starting evaluation
2023-07-18 16:46:06,946:INFO: - Eval metrics : loss: 0.01299
2023-07-18 16:46:49,258:INFO: Creating the dataset...
2023-07-18 16:46:49,270:INFO: - done.
2023-07-18 16:46:50,137:INFO: Starting evaluation
2023-07-18 16:46:55,371:INFO: - Eval metrics : loss: 0.01299
2023-07-18 16:47:11,743:INFO: Creating the dataset...
2023-07-18 16:47:11,758:INFO: - done.
2023-07-18 16:47:12,626:INFO: Starting evaluation
2023-07-18 16:47:17,878:INFO: - Eval metrics : loss: 0.01299
2023-07-18 16:47:32,164:INFO: Creating the dataset...
2023-07-18 16:47:32,164:INFO: - done.
2023-07-18 16:47:33,061:INFO: Starting evaluation
2023-07-18 16:47:38,399:INFO: - Eval metrics : loss: 0.01299
2023-07-18 16:51:49,254:INFO: Creating the dataset...
2023-07-18 16:51:49,266:INFO: - done.
2023-07-18 16:51:50,145:INFO: Starting evaluation
2023-07-18 16:51:58,515:INFO: - Eval metrics : loss: 0.00041
2023-07-19 13:52:18,542:INFO: Creating the dataset...
2023-07-19 13:52:18,568:INFO: - done.
2023-07-19 13:52:19,427:INFO: Starting evaluation
2023-07-19 13:52:27,917:INFO: - Eval metrics : loss: 0.00038
2023-07-19 15:55:52,866:INFO: Creating the dataset...
2023-07-19 15:55:52,881:INFO: - done.
2023-07-19 15:55:53,740:INFO: Starting evaluation
2023-07-19 15:56:39,100:INFO: Creating the dataset...
2023-07-19 15:56:39,116:INFO: - done.
2023-07-19 15:56:39,991:INFO: Starting evaluation
2023-07-19 15:57:10,957:INFO: Creating the dataset...
2023-07-19 15:57:10,974:INFO: - done.
2023-07-19 15:57:11,874:INFO: Starting evaluation
2023-07-19 15:57:45,731:INFO: Creating the dataset...
2023-07-19 15:57:45,747:INFO: - done.
2023-07-19 15:57:46,600:INFO: Starting evaluation
2023-07-19 15:58:47,152:INFO: Creating the dataset...
2023-07-19 15:58:47,167:INFO: - done.
2023-07-19 15:58:48,063:INFO: Starting evaluation
2023-07-19 15:59:10,022:INFO: Creating the dataset...
2023-07-19 15:59:10,037:INFO: - done.
2023-07-19 15:59:10,907:INFO: Starting evaluation
2023-07-19 15:59:20,164:INFO: - Eval metrics : loss: 0.00038
2023-07-19 16:00:24,890:INFO: Creating the dataset...
2023-07-19 16:00:24,906:INFO: - done.
2023-07-19 16:00:25,775:INFO: Starting evaluation
2023-07-19 16:00:34,381:INFO: - Eval metrics : loss: 0.00038
2023-07-19 16:02:03,625:INFO: Creating the dataset...
2023-07-19 16:02:03,625:INFO: - done.
2023-07-19 16:02:04,500:INFO: Starting evaluation
2023-07-19 16:02:13,074:INFO: - Eval metrics : loss: 0.00038
2023-07-19 16:02:46,200:INFO: Creating the dataset...
2023-07-19 16:02:46,216:INFO: - done.
2023-07-19 16:02:47,085:INFO: Starting evaluation
2023-07-19 16:02:55,550:INFO: - Eval metrics : loss: 0.00038
2023-07-19 16:10:29,355:INFO: Creating the dataset...
2023-07-19 16:10:29,370:INFO: - done.
2023-07-19 16:10:30,251:INFO: Starting evaluation
2023-07-19 16:10:38,719:INFO: - Eval metrics : loss: 0.00038
2023-07-19 16:11:59,045:INFO: Creating the dataset...
2023-07-19 16:11:59,061:INFO: - done.
2023-07-19 16:11:59,951:INFO: Starting evaluation
2023-07-19 16:12:08,480:INFO: - Eval metrics : loss: 0.00038
2023-07-19 16:12:23,546:INFO: Creating the dataset...
2023-07-19 16:12:23,562:INFO: - done.
2023-07-19 16:12:24,437:INFO: Starting evaluation
2023-07-19 16:12:32,937:INFO: - Eval metrics : loss: 0.00038
2023-07-19 16:25:30,297:INFO: Creating the dataset...
2023-07-19 16:25:30,312:INFO: - done.
2023-07-19 16:25:31,171:INFO: Starting evaluation
2023-07-19 16:25:39,988:INFO: - Eval metrics : loss: 0.00038
2023-07-21 08:56:35,355:INFO: Creating the dataset...
2023-07-21 08:56:35,370:INFO: - done.
2023-07-21 08:56:36,325:INFO: Starting evaluation
2023-07-21 08:56:45,340:INFO: - Eval metrics : loss: 0.00036
2023-07-21 10:02:05,891:INFO: Creating the dataset...
2023-07-21 10:02:05,906:INFO: - done.
2023-07-21 10:02:06,791:INFO: Starting evaluation
2023-07-21 10:02:15,792:INFO: - Eval metrics : loss: 0.00815
2023-07-21 12:53:04,125:INFO: Creating the dataset...
2023-07-21 12:53:04,140:INFO: - done.
2023-07-21 12:53:05,007:INFO: Starting evaluation
2023-07-21 12:53:14,072:INFO: - Eval metrics : loss: 0.00815
2023-07-21 13:18:32,791:INFO: Creating the dataset...
2023-07-21 13:18:32,791:INFO: - done.
2023-07-21 13:18:33,662:INFO: Starting evaluation
2023-07-21 13:32:16,349:INFO: Creating the dataset...
2023-07-21 13:32:16,364:INFO: - done.
2023-07-21 13:32:17,234:INFO: Starting evaluation
2023-07-21 13:32:26,165:INFO: - Eval metrics : loss: 0.00882
2023-07-21 13:34:37,969:INFO: Creating the dataset...
2023-07-21 13:34:37,969:INFO: - done.
2023-07-21 13:34:38,845:INFO: Starting evaluation
2023-07-21 13:34:52,383:INFO: - Eval metrics : loss: 0.00882
2023-07-21 14:37:32,731:INFO: Creating the dataset...
2023-07-21 14:37:32,746:INFO: - done.
2023-07-21 14:37:33,621:INFO: Starting evaluation
2023-07-21 14:37:47,449:INFO: - Eval metrics : loss: 0.00815
2023-07-25 12:05:35,003:INFO: Creating the dataset...
2023-07-25 12:05:35,035:INFO: - done.
2023-07-25 12:05:35,920:INFO: Starting evaluation
2023-07-25 12:05:49,350:INFO: - Eval metrics : loss: 0.01773
