2023-07-11 17:17:55,113:INFO: Loading the datasets...
2023-07-11 17:34:54,220:INFO: Loading the datasets...
2023-07-11 17:34:54,220:INFO: - done.
2023-07-11 17:34:54,423:INFO: Starting training for 10 epoch(s)
2023-07-11 17:34:54,423:INFO: Epoch 1/10
2023-07-11 17:35:06,990:INFO: - Train metrics: accuracy: 0.125 ; loss: 1.958
2023-07-11 17:35:14,172:INFO: - Eval metrics : accuracy: 0.192 ; loss: 2.156
2023-07-11 17:35:14,204:INFO: - Found new best accuracy
2023-07-11 17:35:14,219:INFO: Epoch 2/10
2023-07-11 17:35:21,337:INFO: - Train metrics: accuracy: 0.656 ; loss: 1.062
2023-07-11 17:35:28,489:INFO: - Eval metrics : accuracy: 0.707 ; loss: 0.959
2023-07-11 17:35:28,520:INFO: - Found new best accuracy
2023-07-11 17:35:28,520:INFO: Epoch 3/10
2023-07-11 17:35:35,702:INFO: - Train metrics: accuracy: 0.656 ; loss: 1.003
2023-07-11 17:35:42,694:INFO: - Eval metrics : accuracy: 0.798 ; loss: 0.758
2023-07-11 17:35:42,725:INFO: - Found new best accuracy
2023-07-11 17:35:42,725:INFO: Epoch 4/10
2023-07-11 17:35:49,909:INFO: - Train metrics: accuracy: 0.688 ; loss: 0.909
2023-07-11 17:35:56,814:INFO: - Eval metrics : accuracy: 0.577 ; loss: 0.923
2023-07-11 17:35:56,845:INFO: Epoch 5/10
2023-07-11 17:36:04,319:INFO: - Train metrics: accuracy: 0.750 ; loss: 0.903
2023-07-11 17:36:11,396:INFO: - Eval metrics : accuracy: 0.589 ; loss: 1.094
2023-07-11 17:36:11,411:INFO: Epoch 6/10
2023-07-11 17:36:18,518:INFO: - Train metrics: accuracy: 0.812 ; loss: 0.567
2023-07-11 17:36:25,442:INFO: - Eval metrics : accuracy: 0.515 ; loss: 1.477
2023-07-11 17:36:25,458:INFO: Epoch 7/10
2023-07-11 17:36:32,730:INFO: - Train metrics: accuracy: 0.844 ; loss: 0.559
2023-07-11 17:36:40,082:INFO: - Eval metrics : accuracy: 0.591 ; loss: 1.226
2023-07-11 17:36:40,098:INFO: Epoch 8/10
2023-07-11 17:36:47,498:INFO: - Train metrics: accuracy: 0.906 ; loss: 0.396
2023-07-11 17:36:54,607:INFO: - Eval metrics : accuracy: 0.906 ; loss: 0.379
2023-07-11 17:36:54,638:INFO: - Found new best accuracy
2023-07-11 17:36:54,638:INFO: Epoch 9/10
2023-07-11 17:37:01,698:INFO: - Train metrics: accuracy: 0.688 ; loss: 0.632
2023-07-11 17:37:08,809:INFO: - Eval metrics : accuracy: 0.881 ; loss: 0.371
2023-07-11 17:37:08,840:INFO: Epoch 10/10
2023-07-11 17:37:16,100:INFO: - Train metrics: accuracy: 0.969 ; loss: 0.273
2023-07-11 17:37:23,054:INFO: - Eval metrics : accuracy: 0.290 ; loss: 2.850
2023-07-18 13:15:13,407:INFO: Loading the datasets...
2023-07-18 13:16:02,543:INFO: Loading the datasets...
2023-07-18 13:16:02,848:INFO: - done.
2023-07-18 13:16:02,954:INFO: Starting training for 20 epoch(s)
2023-07-18 13:16:02,954:INFO: Epoch 1/20
2023-07-18 13:19:55,773:INFO: Loading the datasets...
2023-07-18 13:19:56,117:INFO: - done.
2023-07-18 13:19:56,226:INFO: Starting training for 20 epoch(s)
2023-07-18 13:19:56,226:INFO: Epoch 1/20
2023-07-18 13:21:20,457:INFO: Loading the datasets...
2023-07-18 13:21:20,769:INFO: - done.
2023-07-18 13:21:20,858:INFO: Starting training for 20 epoch(s)
2023-07-18 13:21:20,858:INFO: Epoch 1/20
2023-07-18 13:22:16,528:INFO: Loading the datasets...
2023-07-18 13:22:16,825:INFO: - done.
2023-07-18 13:22:16,918:INFO: Starting training for 20 epoch(s)
2023-07-18 13:22:16,918:INFO: Epoch 1/20
2023-07-18 13:22:32,350:INFO: Loading the datasets...
2023-07-18 13:22:32,647:INFO: - done.
2023-07-18 13:22:32,741:INFO: Starting training for 20 epoch(s)
2023-07-18 13:22:32,741:INFO: Epoch 1/20
2023-07-18 13:22:47,698:INFO: Loading the datasets...
2023-07-18 13:22:48,000:INFO: - done.
2023-07-18 13:22:48,090:INFO: Starting training for 20 epoch(s)
2023-07-18 13:22:48,090:INFO: Epoch 1/20
2023-07-18 13:23:12,743:INFO: Loading the datasets...
2023-07-18 13:23:13,040:INFO: - done.
2023-07-18 13:23:13,133:INFO: Starting training for 20 epoch(s)
2023-07-18 13:23:13,133:INFO: Epoch 1/20
2023-07-18 13:23:30,063:INFO: Loading the datasets...
2023-07-18 13:23:30,370:INFO: - done.
2023-07-18 13:23:30,448:INFO: Starting training for 20 epoch(s)
2023-07-18 13:23:30,448:INFO: Epoch 1/20
2023-07-18 13:23:48,920:INFO: Loading the datasets...
2023-07-18 13:23:49,216:INFO: - done.
2023-07-18 13:23:49,310:INFO: Starting training for 20 epoch(s)
2023-07-18 13:23:49,310:INFO: Epoch 1/20
2023-07-18 13:24:01,105:INFO: Loading the datasets...
2023-07-18 13:24:01,386:INFO: - done.
2023-07-18 13:24:01,479:INFO: Starting training for 20 epoch(s)
2023-07-18 13:24:01,479:INFO: Epoch 1/20
2023-07-18 13:24:24,531:INFO: Loading the datasets...
2023-07-18 13:24:24,828:INFO: - done.
2023-07-18 13:24:24,906:INFO: Starting training for 20 epoch(s)
2023-07-18 13:24:24,906:INFO: Epoch 1/20
2023-07-18 13:24:36,992:INFO: Loading the datasets...
2023-07-18 13:24:37,292:INFO: - done.
2023-07-18 13:24:37,370:INFO: Starting training for 20 epoch(s)
2023-07-18 13:24:37,370:INFO: Epoch 1/20
2023-07-18 13:24:59,579:INFO: Loading the datasets...
2023-07-18 13:24:59,876:INFO: - done.
2023-07-18 13:24:59,970:INFO: Starting training for 20 epoch(s)
2023-07-18 13:24:59,970:INFO: Epoch 1/20
2023-07-18 13:33:30,662:INFO: Loading the datasets...
2023-07-18 13:33:30,974:INFO: - done.
2023-07-18 13:33:31,057:INFO: Starting training for 20 epoch(s)
2023-07-18 13:33:31,057:INFO: Epoch 1/20
2023-07-18 13:33:52,780:INFO: Loading the datasets...
2023-07-18 13:33:53,077:INFO: - done.
2023-07-18 13:33:53,155:INFO: Starting training for 20 epoch(s)
2023-07-18 13:33:53,155:INFO: Epoch 1/20
2023-07-18 13:40:26,214:INFO: Loading the datasets...
2023-07-18 13:40:26,501:INFO: - done.
2023-07-18 13:40:27,401:INFO: Starting training for 20 epoch(s)
2023-07-18 13:40:27,401:INFO: Epoch 1/20
2023-07-18 13:41:43,763:INFO: Loading the datasets...
2023-07-18 13:41:44,059:INFO: - done.
2023-07-18 13:41:44,972:INFO: Starting training for 20 epoch(s)
2023-07-18 13:41:44,972:INFO: Epoch 1/20
2023-07-18 13:42:00,906:INFO: Loading the datasets...
2023-07-18 13:42:01,202:INFO: - done.
2023-07-18 13:42:02,124:INFO: Starting training for 20 epoch(s)
2023-07-18 13:42:02,124:INFO: Epoch 1/20
2023-07-18 13:42:23,800:INFO: Loading the datasets...
2023-07-18 13:42:24,107:INFO: - done.
2023-07-18 13:42:25,023:INFO: Starting training for 20 epoch(s)
2023-07-18 13:42:25,024:INFO: Epoch 1/20
2023-07-18 13:43:52,224:INFO: Loading the datasets...
2023-07-18 13:43:52,521:INFO: - done.
2023-07-18 13:43:53,497:INFO: Starting training for 20 epoch(s)
2023-07-18 13:43:53,497:INFO: Epoch 1/20
2023-07-18 13:45:53,715:INFO: Loading the datasets...
2023-07-18 13:45:54,023:INFO: - done.
2023-07-18 13:45:55,018:INFO: Starting training for 20 epoch(s)
2023-07-18 13:45:55,018:INFO: Epoch 1/20
2023-07-18 13:47:40,984:INFO: Loading the datasets...
2023-07-18 13:47:41,281:INFO: - done.
2023-07-18 13:47:42,282:INFO: Starting training for 20 epoch(s)
2023-07-18 13:47:42,282:INFO: Epoch 1/20
2023-07-18 13:48:28,156:INFO: Loading the datasets...
2023-07-18 13:48:28,468:INFO: - done.
2023-07-18 13:48:29,405:INFO: Starting training for 20 epoch(s)
2023-07-18 13:48:29,405:INFO: Epoch 1/20
2023-07-18 14:00:38,830:INFO: Loading the datasets...
2023-07-18 14:00:39,139:INFO: - done.
2023-07-18 14:00:40,077:INFO: Starting training for 20 epoch(s)
2023-07-18 14:00:40,092:INFO: Epoch 1/20
2023-07-18 14:01:04,549:INFO: Loading the datasets...
2023-07-18 14:01:04,837:INFO: - done.
2023-07-18 14:01:05,773:INFO: Starting training for 20 epoch(s)
2023-07-18 14:01:05,773:INFO: Epoch 1/20
2023-07-18 14:03:32,184:INFO: - Train metrics: loss: 0.012
2023-07-18 14:03:36,834:INFO: - Eval metrics : loss: 0.013
2023-07-18 14:06:54,921:INFO: Loading the datasets...
2023-07-18 14:06:55,196:INFO: - done.
2023-07-18 14:06:56,118:INFO: Starting training for 5 epoch(s)
2023-07-18 14:06:56,118:INFO: Epoch 1/5
2023-07-18 14:09:15,640:INFO: - Train metrics: loss: 0.012
2023-07-18 14:09:19,932:INFO: - Eval metrics : loss: 0.013
2023-07-18 14:09:19,948:INFO: - Found new best accuracy
2023-07-18 14:09:19,948:INFO: Epoch 2/5
2023-07-18 14:11:38,710:INFO: - Train metrics: loss: 0.008
2023-07-18 14:11:43,017:INFO: - Eval metrics : loss: 0.012
2023-07-18 14:11:43,017:INFO: Epoch 3/5
2023-07-18 14:14:01,859:INFO: - Train metrics: loss: 0.008
2023-07-18 14:14:06,146:INFO: - Eval metrics : loss: 0.012
2023-07-18 14:14:06,161:INFO: Epoch 4/5
2023-07-18 14:16:26,789:INFO: - Train metrics: loss: 0.007
2023-07-18 14:16:31,111:INFO: - Eval metrics : loss: 0.012
2023-07-18 14:16:31,127:INFO: Epoch 5/5
2023-07-18 14:18:51,921:INFO: - Train metrics: loss: 0.008
2023-07-18 14:18:56,225:INFO: - Eval metrics : loss: 0.012
2023-07-18 14:41:37,976:INFO: Loading the datasets...
2023-07-18 14:41:38,272:INFO: - done.
2023-07-18 14:41:39,162:INFO: Starting training for 5 epoch(s)
2023-07-18 14:41:39,162:INFO: Epoch 1/5
